2019-07-18 09:49:46 Error: [Error] Call to undefined method Cake\Routing\RouteBuilder::getX()
#0 /var/www/app/vendor/cakephp/cakephp/src/Routing/RouteBuilder.php(1009): Cake\Http\BaseApplication->{closure}(Object(Cake\Routing\RouteBuilder))
#1 /var/www/app/vendor/cakephp/cakephp/src/Routing/Router.php(1098): Cake\Routing\RouteBuilder->scope('/', Array, Object(Closure))
#2 /var/www/app/config/routes.php(95): Cake\Routing\Router::scope('/', Object(Closure))
#3 /var/www/app/vendor/cakephp/cakephp/src/Http/BaseApplication.php(179): require('/var/www/app/co...')
#4 /var/www/app/vendor/cakephp/cakephp/src/Routing/Middleware/RoutingMiddleware.php(115): Cake\Http\BaseApplication->routes(Object(Cake\Routing\RouteBuilder))
#5 /var/www/app/vendor/cakephp/cakephp/src/Routing/Middleware/RoutingMiddleware.php(104): Cake\Routing\Middleware\RoutingMiddleware->prepareRouteCollection()
#6 /var/www/app/vendor/cakephp/cakephp/src/Routing/Middleware/RoutingMiddleware.php(87): Cake\Routing\Middleware\RoutingMiddleware->buildRouteCollection()
#7 /var/www/app/vendor/cakephp/cakephp/src/Routing/Middleware/RoutingMiddleware.php(136): Cake\Routing\Middleware\RoutingMiddleware->loadRoutes()
#8 /var/www/app/vendor/cakephp/cakephp/src/Http/Runner.php(65): Cake\Routing\Middleware\RoutingMiddleware->__invoke(Object(Cake\Http\ServerRequest), Object(Cake\Http\Response), Object(Cake\Http\Runner))
#9 /var/www/app/vendor/cakephp/cakephp/src/Routing/Middleware/AssetMiddleware.php(97): Cake\Http\Runner->__invoke(Object(Cake\Http\ServerRequest), Object(Cake\Http\Response))
#10 /var/www/app/vendor/cakephp/cakephp/src/Http/Runner.php(65): Cake\Routing\Middleware\AssetMiddleware->__invoke(Object(Cake\Http\ServerRequest), Object(Cake\Http\Response), Object(Cake\Http\Runner))
#11 /var/www/app/vendor/cakephp/cakephp/src/Error/Middleware/ErrorHandlerMiddleware.php(96): Cake\Http\Runner->__invoke(Object(Cake\Http\ServerRequest), Object(Cake\Http\Response))
#12 /var/www/app/vendor/cakephp/cakephp/src/Http/Runner.php(65): Cake\Error\Middleware\ErrorHandlerMiddleware->__invoke(Object(Cake\Http\ServerRequest), Object(Cake\Http\Response), Object(Cake\Http\Runner))
#13 /var/www/app/vendor/cakephp/debug_kit/src/Middleware/DebugKitMiddleware.php(53): Cake\Http\Runner->__invoke(Object(Cake\Http\ServerRequest), Object(Cake\Http\Response))
#14 /var/www/app/vendor/cakephp/cakephp/src/Http/Runner.php(65): DebugKit\Middleware\DebugKitMiddleware->__invoke(Object(Cake\Http\ServerRequest), Object(Cake\Http\Response), Object(Cake\Http\Runner))
#15 /var/www/app/vendor/cakephp/cakephp/src/Http/Runner.php(51): Cake\Http\Runner->__invoke(Object(Cake\Http\ServerRequest), Object(Cake\Http\Response))
#16 /var/www/app/vendor/cakephp/cakephp/src/Http/Server.php(98): Cake\Http\Runner->run(Object(Cake\Http\MiddlewareQueue), Object(Cake\Http\ServerRequest), Object(Cake\Http\Response))
#17 /var/www/app/webroot/index.php(40): Cake\Http\Server->run()
#18 {main}
Request URL: /topics/index.json


2019-07-18 09:49:48 Error: [Error] Call to undefined method Cake\Routing\RouteBuilder::getX()
#0 /var/www/app/vendor/cakephp/cakephp/src/Routing/RouteBuilder.php(1009): Cake\Http\BaseApplication->{closure}(Object(Cake\Routing\RouteBuilder))
#1 /var/www/app/vendor/cakephp/cakephp/src/Routing/Router.php(1098): Cake\Routing\RouteBuilder->scope('/', Array, Object(Closure))
#2 /var/www/app/config/routes.php(95): Cake\Routing\Router::scope('/', Object(Closure))
#3 /var/www/app/vendor/cakephp/cakephp/src/Http/BaseApplication.php(179): require('/var/www/app/co...')
#4 /var/www/app/vendor/cakephp/cakephp/src/Routing/Middleware/RoutingMiddleware.php(115): Cake\Http\BaseApplication->routes(Object(Cake\Routing\RouteBuilder))
#5 /var/www/app/vendor/cakephp/cakephp/src/Routing/Middleware/RoutingMiddleware.php(104): Cake\Routing\Middleware\RoutingMiddleware->prepareRouteCollection()
#6 /var/www/app/vendor/cakephp/cakephp/src/Routing/Middleware/RoutingMiddleware.php(87): Cake\Routing\Middleware\RoutingMiddleware->buildRouteCollection()
#7 /var/www/app/vendor/cakephp/cakephp/src/Routing/Middleware/RoutingMiddleware.php(136): Cake\Routing\Middleware\RoutingMiddleware->loadRoutes()
#8 /var/www/app/vendor/cakephp/cakephp/src/Http/Runner.php(65): Cake\Routing\Middleware\RoutingMiddleware->__invoke(Object(Cake\Http\ServerRequest), Object(Cake\Http\Response), Object(Cake\Http\Runner))
#9 /var/www/app/vendor/cakephp/cakephp/src/Routing/Middleware/AssetMiddleware.php(88): Cake\Http\Runner->__invoke(Object(Cake\Http\ServerRequest), Object(Cake\Http\Response))
#10 /var/www/app/vendor/cakephp/cakephp/src/Http/Runner.php(65): Cake\Routing\Middleware\AssetMiddleware->__invoke(Object(Cake\Http\ServerRequest), Object(Cake\Http\Response), Object(Cake\Http\Runner))
#11 /var/www/app/vendor/cakephp/cakephp/src/Error/Middleware/ErrorHandlerMiddleware.php(96): Cake\Http\Runner->__invoke(Object(Cake\Http\ServerRequest), Object(Cake\Http\Response))
#12 /var/www/app/vendor/cakephp/cakephp/src/Http/Runner.php(65): Cake\Error\Middleware\ErrorHandlerMiddleware->__invoke(Object(Cake\Http\ServerRequest), Object(Cake\Http\Response), Object(Cake\Http\Runner))
#13 /var/www/app/vendor/cakephp/debug_kit/src/Middleware/DebugKitMiddleware.php(53): Cake\Http\Runner->__invoke(Object(Cake\Http\ServerRequest), Object(Cake\Http\Response))
#14 /var/www/app/vendor/cakephp/cakephp/src/Http/Runner.php(65): DebugKit\Middleware\DebugKitMiddleware->__invoke(Object(Cake\Http\ServerRequest), Object(Cake\Http\Response), Object(Cake\Http\Runner))
#15 /var/www/app/vendor/cakephp/cakephp/src/Http/Runner.php(51): Cake\Http\Runner->__invoke(Object(Cake\Http\ServerRequest), Object(Cake\Http\Response))
#16 /var/www/app/vendor/cakephp/cakephp/src/Http/Server.php(98): Cake\Http\Runner->run(Object(Cake\Http\MiddlewareQueue), Object(Cake\Http\ServerRequest), Object(Cake\Http\Response))
#17 /var/www/app/webroot/index.php(40): Cake\Http\Server->run()
#18 {main}
Request URL: /debug-kit/toolbar/0b4097be-9752-4140-b8db-85d3bc9208e5
Referer URL: http://192.168.33.111/topics/index.json


2019-07-18 09:50:21 Error: [Cake\Controller\Exception\MissingActionException] Action TopicsController::index.json() could not be found, or is not accessible.
Exception Attributes: array (
  'controller' => 'TopicsController',
  'action' => 'index.json',
  'prefix' => '',
  'plugin' => false,
)
#0 /var/www/app/vendor/cakephp/cakephp/src/Http/ActionDispatcher.php(120): Cake\Controller\Controller->invokeAction()
#1 /var/www/app/vendor/cakephp/cakephp/src/Http/ActionDispatcher.php(94): Cake\Http\ActionDispatcher->_invoke(Object(App\Controller\TopicsController))
#2 /var/www/app/vendor/cakephp/cakephp/src/Http/BaseApplication.php(235): Cake\Http\ActionDispatcher->dispatch(Object(Cake\Http\ServerRequest), Object(Cake\Http\Response))
#3 /var/www/app/vendor/cakephp/cakephp/src/Http/Runner.php(65): Cake\Http\BaseApplication->__invoke(Object(Cake\Http\ServerRequest), Object(Cake\Http\Response), Object(Cake\Http\Runner))
#4 /var/www/app/vendor/cakephp/cakephp/src/Http/Runner.php(65): Cake\Http\Runner->__invoke(Object(Cake\Http\ServerRequest), Object(Cake\Http\Response), Object(Cake\Http\Runner))
#5 /var/www/app/vendor/cakephp/cakephp/src/Http/Middleware/CsrfProtectionMiddleware.php(123): Cake\Http\Runner->__invoke(Object(Cake\Http\ServerRequest), Object(Cake\Http\Response))
#6 /var/www/app/vendor/cakephp/cakephp/src/Http/Runner.php(65): Cake\Http\Middleware\CsrfProtectionMiddleware->__invoke(Object(Cake\Http\ServerRequest), Object(Cake\Http\Response), Object(Cake\Http\Runner))
#7 /var/www/app/vendor/cakephp/cakephp/src/Http/Runner.php(51): Cake\Http\Runner->__invoke(Object(Cake\Http\ServerRequest), Object(Cake\Http\Response))
#8 /var/www/app/vendor/cakephp/cakephp/src/Routing/Middleware/RoutingMiddleware.php(168): Cake\Http\Runner->run(Object(Cake\Http\MiddlewareQueue), Object(Cake\Http\ServerRequest), Object(Cake\Http\Response))
#9 /var/www/app/vendor/cakephp/cakephp/src/Http/Runner.php(65): Cake\Routing\Middleware\RoutingMiddleware->__invoke(Object(Cake\Http\ServerRequest), Object(Cake\Http\Response), Object(Cake\Http\Runner))
#10 /var/www/app/vendor/cakephp/cakephp/src/Routing/Middleware/AssetMiddleware.php(97): Cake\Http\Runner->__invoke(Object(Cake\Http\ServerRequest), Object(Cake\Http\Response))
#11 /var/www/app/vendor/cakephp/cakephp/src/Http/Runner.php(65): Cake\Routing\Middleware\AssetMiddleware->__invoke(Object(Cake\Http\ServerRequest), Object(Cake\Http\Response), Object(Cake\Http\Runner))
#12 /var/www/app/vendor/cakephp/cakephp/src/Error/Middleware/ErrorHandlerMiddleware.php(96): Cake\Http\Runner->__invoke(Object(Cake\Http\ServerRequest), Object(Cake\Http\Response))
#13 /var/www/app/vendor/cakephp/cakephp/src/Http/Runner.php(65): Cake\Error\Middleware\ErrorHandlerMiddleware->__invoke(Object(Cake\Http\ServerRequest), Object(Cake\Http\Response), Object(Cake\Http\Runner))
#14 /var/www/app/vendor/cakephp/debug_kit/src/Middleware/DebugKitMiddleware.php(53): Cake\Http\Runner->__invoke(Object(Cake\Http\ServerRequest), Object(Cake\Http\Response))
#15 /var/www/app/vendor/cakephp/cakephp/src/Http/Runner.php(65): DebugKit\Middleware\DebugKitMiddleware->__invoke(Object(Cake\Http\ServerRequest), Object(Cake\Http\Response), Object(Cake\Http\Runner))
#16 /var/www/app/vendor/cakephp/cakephp/src/Http/Runner.php(51): Cake\Http\Runner->__invoke(Object(Cake\Http\ServerRequest), Object(Cake\Http\Response))
#17 /var/www/app/vendor/cakephp/cakephp/src/Http/Server.php(98): Cake\Http\Runner->run(Object(Cake\Http\MiddlewareQueue), Object(Cake\Http\ServerRequest), Object(Cake\Http\Response))
#18 /var/www/app/webroot/index.php(40): Cake\Http\Server->run()
#19 {main}
Request URL: /topics/index.json


2019-07-18 09:50:51 Error: [Cake\Database\Exception] SQLSTATE[42S02]: Base table or view not found: 1146 Table 'test.topics' doesn't exist
#0 /var/www/app/vendor/cakephp/cakephp/src/Database/Schema/Collection.php(99): Cake\Database\Schema\Collection->_reflect('Column', 'topics', Array, Object(Cake\Database\Schema\TableSchema))
#1 /var/www/app/vendor/cakephp/cakephp/src/Database/Schema/CachedCollection.php(63): Cake\Database\Schema\Collection->describe('topics', Array)
#2 /var/www/app/vendor/cakephp/cakephp/src/ORM/Table.php(560): Cake\Database\Schema\CachedCollection->describe('topics')
#3 /var/www/app/vendor/cakephp/cakephp/src/ORM/Query.php(269): Cake\ORM\Table->getSchema()
#4 /var/www/app/vendor/cakephp/cakephp/src/ORM/Query.php(167): Cake\ORM\Query->addDefaultTypes(Object(Cake\ORM\Table))
#5 /var/www/app/vendor/cakephp/cakephp/src/ORM/Table.php(1776): Cake\ORM\Query->__construct(Object(Cake\Database\Connection), Object(Cake\ORM\Table))
#6 /var/www/app/vendor/cakephp/cakephp/src/ORM/Table.php(1362): Cake\ORM\Table->query()
#7 /var/www/app/src/Controller/TopicsController.php(23): Cake\ORM\Table->find('all')
#8 /var/www/app/vendor/cakephp/cakephp/src/Controller/Controller.php(610): App\Controller\TopicsController->index()
#9 /var/www/app/vendor/cakephp/cakephp/src/Http/ActionDispatcher.php(120): Cake\Controller\Controller->invokeAction()
#10 /var/www/app/vendor/cakephp/cakephp/src/Http/ActionDispatcher.php(94): Cake\Http\ActionDispatcher->_invoke(Object(App\Controller\TopicsController))
#11 /var/www/app/vendor/cakephp/cakephp/src/Http/BaseApplication.php(235): Cake\Http\ActionDispatcher->dispatch(Object(Cake\Http\ServerRequest), Object(Cake\Http\Response))
#12 /var/www/app/vendor/cakephp/cakephp/src/Http/Runner.php(65): Cake\Http\BaseApplication->__invoke(Object(Cake\Http\ServerRequest), Object(Cake\Http\Response), Object(Cake\Http\Runner))
#13 /var/www/app/vendor/cakephp/cakephp/src/Http/Runner.php(65): Cake\Http\Runner->__invoke(Object(Cake\Http\ServerRequest), Object(Cake\Http\Response), Object(Cake\Http\Runner))
#14 /var/www/app/vendor/cakephp/cakephp/src/Http/Middleware/CsrfProtectionMiddleware.php(123): Cake\Http\Runner->__invoke(Object(Cake\Http\ServerRequest), Object(Cake\Http\Response))
#15 /var/www/app/vendor/cakephp/cakephp/src/Http/Runner.php(65): Cake\Http\Middleware\CsrfProtectionMiddleware->__invoke(Object(Cake\Http\ServerRequest), Object(Cake\Http\Response), Object(Cake\Http\Runner))
#16 /var/www/app/vendor/cakephp/cakephp/src/Http/Runner.php(51): Cake\Http\Runner->__invoke(Object(Cake\Http\ServerRequest), Object(Cake\Http\Response))
#17 /var/www/app/vendor/cakephp/cakephp/src/Routing/Middleware/RoutingMiddleware.php(168): Cake\Http\Runner->run(Object(Cake\Http\MiddlewareQueue), Object(Cake\Http\ServerRequest), Object(Cake\Http\Response))
#18 /var/www/app/vendor/cakephp/cakephp/src/Http/Runner.php(65): Cake\Routing\Middleware\RoutingMiddleware->__invoke(Object(Cake\Http\ServerRequest), Object(Cake\Http\Response), Object(Cake\Http\Runner))
#19 /var/www/app/vendor/cakephp/cakephp/src/Routing/Middleware/AssetMiddleware.php(97): Cake\Http\Runner->__invoke(Object(Cake\Http\ServerRequest), Object(Cake\Http\Response))
#20 /var/www/app/vendor/cakephp/cakephp/src/Http/Runner.php(65): Cake\Routing\Middleware\AssetMiddleware->__invoke(Object(Cake\Http\ServerRequest), Object(Cake\Http\Response), Object(Cake\Http\Runner))
#21 /var/www/app/vendor/cakephp/cakephp/src/Error/Middleware/ErrorHandlerMiddleware.php(96): Cake\Http\Runner->__invoke(Object(Cake\Http\ServerRequest), Object(Cake\Http\Response))
#22 /var/www/app/vendor/cakephp/cakephp/src/Http/Runner.php(65): Cake\Error\Middleware\ErrorHandlerMiddleware->__invoke(Object(Cake\Http\ServerRequest), Object(Cake\Http\Response), Object(Cake\Http\Runner))
#23 /var/www/app/vendor/cakephp/debug_kit/src/Middleware/DebugKitMiddleware.php(53): Cake\Http\Runner->__invoke(Object(Cake\Http\ServerRequest), Object(Cake\Http\Response))
#24 /var/www/app/vendor/cakephp/cakephp/src/Http/Runner.php(65): DebugKit\Middleware\DebugKitMiddleware->__invoke(Object(Cake\Http\ServerRequest), Object(Cake\Http\Response), Object(Cake\Http\Runner))
#25 /var/www/app/vendor/cakephp/cakephp/src/Http/Runner.php(51): Cake\Http\Runner->__invoke(Object(Cake\Http\ServerRequest), Object(Cake\Http\Response))
#26 /var/www/app/vendor/cakephp/cakephp/src/Http/Server.php(98): Cake\Http\Runner->run(Object(Cake\Http\MiddlewareQueue), Object(Cake\Http\ServerRequest), Object(Cake\Http\Response))
#27 /var/www/app/webroot/index.php(40): Cake\Http\Server->run()
#28 {main}
Caused by: [PDOException] SQLSTATE[42S02]: Base table or view not found: 1146 Table 'test.topics' doesn't exist
#0 /var/www/app/vendor/cakephp/cakephp/src/Database/Statement/MysqlStatement.php(39): PDOStatement->execute(NULL)
#1 /var/www/app/vendor/cakephp/cakephp/src/Database/Statement/StatementDecorator.php(173): Cake\Database\Statement\MysqlStatement->execute(NULL)
#2 /var/www/app/vendor/cakephp/cakephp/src/Database/Log/LoggingStatement.php(56): Cake\Database\Statement\StatementDecorator->execute(NULL)
#3 /var/www/app/vendor/cakephp/cakephp/src/Database/Connection.php(350): Cake\Database\Log\LoggingStatement->execute()
#4 /var/www/app/vendor/cakephp/cakephp/src/Core/Retry/CommandRetry.php(68): Cake\Database\Connection->Cake\Database\{closure}()
#5 /var/www/app/vendor/cakephp/cakephp/src/Database/Connection.php(353): Cake\Core\Retry\CommandRetry->run(Object(Closure))
#6 /var/www/app/vendor/cakephp/cakephp/src/Database/Connection.php(302): Cake\Database\Connection->query('SHOW FULL COLUM...')
#7 /var/www/app/vendor/cakephp/cakephp/src/Core/Retry/CommandRetry.php(68): Cake\Database\Connection->Cake\Database\{closure}()
#8 /var/www/app/vendor/cakephp/cakephp/src/Database/Connection.php(306): Cake\Core\Retry\CommandRetry->run(Object(Closure))
#9 /var/www/app/vendor/cakephp/cakephp/src/Database/Schema/Collection.php(131): Cake\Database\Connection->execute('SHOW FULL COLUM...', Array)
#10 /var/www/app/vendor/cakephp/cakephp/src/Database/Schema/Collection.php(99): Cake\Database\Schema\Collection->_reflect('Column', 'topics', Array, Object(Cake\Database\Schema\TableSchema))
#11 /var/www/app/vendor/cakephp/cakephp/src/Database/Schema/CachedCollection.php(63): Cake\Database\Schema\Collection->describe('topics', Array)
#12 /var/www/app/vendor/cakephp/cakephp/src/ORM/Table.php(560): Cake\Database\Schema\CachedCollection->describe('topics')
#13 /var/www/app/vendor/cakephp/cakephp/src/ORM/Query.php(269): Cake\ORM\Table->getSchema()
#14 /var/www/app/vendor/cakephp/cakephp/src/ORM/Query.php(167): Cake\ORM\Query->addDefaultTypes(Object(Cake\ORM\Table))
#15 /var/www/app/vendor/cakephp/cakephp/src/ORM/Table.php(1776): Cake\ORM\Query->__construct(Object(Cake\Database\Connection), Object(Cake\ORM\Table))
#16 /var/www/app/vendor/cakephp/cakephp/src/ORM/Table.php(1362): Cake\ORM\Table->query()
#17 /var/www/app/src/Controller/TopicsController.php(23): Cake\ORM\Table->find('all')
#18 /var/www/app/vendor/cakephp/cakephp/src/Controller/Controller.php(610): App\Controller\TopicsController->index()
#19 /var/www/app/vendor/cakephp/cakephp/src/Http/ActionDispatcher.php(120): Cake\Controller\Controller->invokeAction()
#20 /var/www/app/vendor/cakephp/cakephp/src/Http/ActionDispatcher.php(94): Cake\Http\ActionDispatcher->_invoke(Object(App\Controller\TopicsController))
#21 /var/www/app/vendor/cakephp/cakephp/src/Http/BaseApplication.php(235): Cake\Http\ActionDispatcher->dispatch(Object(Cake\Http\ServerRequest), Object(Cake\Http\Response))
#22 /var/www/app/vendor/cakephp/cakephp/src/Http/Runner.php(65): Cake\Http\BaseApplication->__invoke(Object(Cake\Http\ServerRequest), Object(Cake\Http\Response), Object(Cake\Http\Runner))
#23 /var/www/app/vendor/cakephp/cakephp/src/Http/Runner.php(65): Cake\Http\Runner->__invoke(Object(Cake\Http\ServerRequest), Object(Cake\Http\Response), Object(Cake\Http\Runner))
#24 /var/www/app/vendor/cakephp/cakephp/src/Http/Middleware/CsrfProtectionMiddleware.php(123): Cake\Http\Runner->__invoke(Object(Cake\Http\ServerRequest), Object(Cake\Http\Response))
#25 /var/www/app/vendor/cakephp/cakephp/src/Http/Runner.php(65): Cake\Http\Middleware\CsrfProtectionMiddleware->__invoke(Object(Cake\Http\ServerRequest), Object(Cake\Http\Response), Object(Cake\Http\Runner))
#26 /var/www/app/vendor/cakephp/cakephp/src/Http/Runner.php(51): Cake\Http\Runner->__invoke(Object(Cake\Http\ServerRequest), Object(Cake\Http\Response))
#27 /var/www/app/vendor/cakephp/cakephp/src/Routing/Middleware/RoutingMiddleware.php(168): Cake\Http\Runner->run(Object(Cake\Http\MiddlewareQueue), Object(Cake\Http\ServerRequest), Object(Cake\Http\Response))
#28 /var/www/app/vendor/cakephp/cakephp/src/Http/Runner.php(65): Cake\Routing\Middleware\RoutingMiddleware->__invoke(Object(Cake\Http\ServerRequest), Object(Cake\Http\Response), Object(Cake\Http\Runner))
#29 /var/www/app/vendor/cakephp/cakephp/src/Routing/Middleware/AssetMiddleware.php(97): Cake\Http\Runner->__invoke(Object(Cake\Http\ServerRequest), Object(Cake\Http\Response))
#30 /var/www/app/vendor/cakephp/cakephp/src/Http/Runner.php(65): Cake\Routing\Middleware\AssetMiddleware->__invoke(Object(Cake\Http\ServerRequest), Object(Cake\Http\Response), Object(Cake\Http\Runner))
#31 /var/www/app/vendor/cakephp/cakephp/src/Error/Middleware/ErrorHandlerMiddleware.php(96): Cake\Http\Runner->__invoke(Object(Cake\Http\ServerRequest), Object(Cake\Http\Response))
#32 /var/www/app/vendor/cakephp/cakephp/src/Http/Runner.php(65): Cake\Error\Middleware\ErrorHandlerMiddleware->__invoke(Object(Cake\Http\ServerRequest), Object(Cake\Http\Response), Object(Cake\Http\Runner))
#33 /var/www/app/vendor/cakephp/debug_kit/src/Middleware/DebugKitMiddleware.php(53): Cake\Http\Runner->__invoke(Object(Cake\Http\ServerRequest), Object(Cake\Http\Response))
#34 /var/www/app/vendor/cakephp/cakephp/src/Http/Runner.php(65): DebugKit\Middleware\DebugKitMiddleware->__invoke(Object(Cake\Http\ServerRequest), Object(Cake\Http\Response), Object(Cake\Http\Runner))
#35 /var/www/app/vendor/cakephp/cakephp/src/Http/Runner.php(51): Cake\Http\Runner->__invoke(Object(Cake\Http\ServerRequest), Object(Cake\Http\Response))
#36 /var/www/app/vendor/cakephp/cakephp/src/Http/Server.php(98): Cake\Http\Runner->run(Object(Cake\Http\MiddlewareQueue), Object(Cake\Http\ServerRequest), Object(Cake\Http\Response))
#37 /var/www/app/webroot/index.php(40): Cake\Http\Server->run()
#38 {main}
Request URL: /topics/index.json


